2026-04-08 18:20:09 [INFO] client started
2026-04-08 18:20:09 [INFO] File loaded: {'first_name': 'Elif', 'last_name': 'Kanık', 'age': 21, 'interests': ['Blender', 'Touchdesigner', 'Music', 'Art History']}
2026-04-08 18:20:09 [INFO] attempt #1
2026-04-08 18:20:09 [WARNING] http error: 403
2026-04-08 18:21:09 [INFO] attempt #2
2026-04-08 18:21:10 [WARNING] http error: 403
2026-04-08 18:22:10 [INFO] attempt #3
2026-04-08 18:22:10 [WARNING] http error: 403
2026-04-08 18:23:10 [INFO] attempt #4
2026-04-08 18:23:10 [WARNING] http error: 403
2026-04-08 18:24:10 [INFO] attempt #5
2026-04-08 18:24:10 [WARNING] http error: 403
2026-04-08 18:25:10 [INFO] attempt #6
2026-04-08 18:25:11 [WARNING] http error: 403
2026-04-08 18:26:11 [INFO] attempt #7
2026-04-08 18:26:11 [WARNING] http error: 403
2026-04-08 18:27:11 [INFO] attempt #8
2026-04-08 18:27:11 [WARNING] http error: 403
2026-04-08 18:28:11 [INFO] attempt #9
2026-04-08 18:28:11 [WARNING] http error: 403
2026-04-08 18:29:11 [INFO] attempt #10
2026-04-08 18:29:12 [WARNING] http error: 403
2026-04-08 18:30:12 [INFO] attempt #11
2026-04-08 18:30:12 [WARNING] http error: 403
2026-04-08 18:31:12 [INFO] attempt #12
2026-04-08 18:31:12 [WARNING] http error: 403
2026-04-08 18:32:12 [INFO] attempt #13
2026-04-08 18:32:12 [WARNING] http error: 403
2026-04-08 18:33:12 [INFO] attempt #14
2026-04-08 18:33:13 [WARNING] http error: 403
2026-04-08 18:34:13 [INFO] attempt #15
2026-04-08 18:34:13 [WARNING] http error: 403
2026-04-08 18:35:13 [INFO] attempt #16
2026-04-08 18:35:13 [WARNING] http error: 403
2026-04-08 18:36:13 [INFO] attempt #17
2026-04-08 18:36:13 [WARNING] http error: 403
2026-04-08 18:37:13 [INFO] attempt #18
2026-04-08 18:37:13 [WARNING] http error: 403
2026-04-08 18:38:13 [INFO] attempt #19
2026-04-08 18:38:14 [WARNING] http error: 403
2026-04-08 18:39:14 [INFO] attempt #20
2026-04-08 18:39:14 [WARNING] http error: 403
2026-04-08 18:40:14 [INFO] attempt #21
2026-04-08 18:40:14 [WARNING] http error: 403
2026-04-08 18:41:14 [INFO] attempt #22
2026-04-08 18:41:14 [WARNING] http error: 403
2026-04-08 18:42:14 [INFO] attempt #23
2026-04-08 18:42:15 [WARNING] http error: 403
2026-04-08 18:43:15 [INFO] attempt #24
2026-04-08 18:43:15 [WARNING] http error: 403
2026-04-08 18:44:15 [INFO] attempt #25
2026-04-08 18:44:15 [WARNING] http error: 403
2026-04-08 18:45:15 [INFO] attempt #26
2026-04-08 18:45:15 [WARNING] http error: 403
2026-04-09 11:57:13 [INFO] client started
2026-04-09 11:57:13 [INFO] File loaded: {'first_name': 'Elif', 'last_name': 'Kanık', 'age': 21, 'interests': ['Blender', 'Touchdesigner', 'Music', 'Art History']}
2026-04-09 11:57:13 [INFO] attempt #1
2026-04-09 11:57:14 [INFO] Saved to modified.json
2026-04-09 11:57:14 [INFO] success!
2026-04-09 11:57:14 [INFO] ADDED: submission_type
2026-04-09 11:57:14 [INFO] ADDED: processed_at
2026-04-09 11:57:14 [INFO] ADDED: original_filename
2026-04-09 11:57:14 [INFO] ADDED: server_note
2026-04-09 11:57:14 [INFO] ADDED: status
2026-04-09 11:57:14 [INFO] ADDED: id
2026-04-09 11:57:14 [INFO] added: ['submission_type', 'processed_at', 'original_filename', 'server_note', 'status', 'id'] | changed: [] | unchanged: ['age', 'first_name', 'interests', 'last_name']
